firebase_analytics/intermediates/manifest_merge_blame_file/debug/manifest-merger-blame-debug-report.txt
1<?xml version="1.0" encoding="utf-8"?>
2<manifest xmlns:android="http://schemas.android.com/apk/res/android"
3    package="io.flutter.plugins.firebase.analytics" >
4
5    <uses-sdk android:minSdkVersion="21" />
6
7    <uses-permission android:name="android.permission.ACCESS_NETWORK_STATE" />
7-->src/main/AndroidManifest.xml:4:3-77
7-->src/main/AndroidManifest.xml:4:20-74
8    <uses-permission android:name="android.permission.INTERNET" />
8-->src/main/AndroidManifest.xml:5:3-65
8-->src/main/AndroidManifest.xml:5:20-62
9    <uses-permission android:name="android.permission.WAKE_LOCK" />
9-->src/main/AndroidManifest.xml:6:3-66
9-->src/main/AndroidManifest.xml:6:20-63
10
11    <application>
11-->src/main/AndroidManifest.xml:8:3-13:17
12        <service android:name="com.google.firebase.components.ComponentDiscoveryService" >
12-->src/main/AndroidManifest.xml:9:5-12:15
12-->src/main/AndroidManifest.xml:9:14-85
13            <meta-data
13-->src/main/AndroidManifest.xml:10:7-11:86
14                android:name="com.google.firebase.components:io.flutter.plugins.firebase.analytics.FlutterFirebaseAppRegistrar"
14-->src/main/AndroidManifest.xml:10:18-129
15                android:value="com.google.firebase.components.ComponentRegistrar" />
15-->src/main/AndroidManifest.xml:11:18-83
16        </service>
17    </application>
18
19</manifest>